[debug] [2022-02-11T06:13:16.198Z] ----------------------------------------------------------------------
[debug] [2022-02-11T06:13:16.200Z] Command:       C:\Program Files\nodejs\node.exe C:\Users\KTH\AppData\Roaming\npm\node_modules\firebase-tools\lib\bin\firebase.js init
[debug] [2022-02-11T06:13:16.200Z] CLI Version:   10.1.5
[debug] [2022-02-11T06:13:16.200Z] Platform:      win32
[debug] [2022-02-11T06:13:16.200Z] Node Version:  v16.13.1
[debug] [2022-02-11T06:13:16.206Z] Time:          Fri Feb 11 2022 15:13:16 GMT+0900 (대한민국 표준시)
[debug] [2022-02-11T06:13:16.207Z] ----------------------------------------------------------------------
[debug] 
[debug] [2022-02-11T06:13:16.280Z] > command requires scopes: ["email","openid","https://www.googleapis.com/auth/cloudplatformprojects.readonly","https://www.googleapis.com/auth/firebase","https://www.googleapis.com/auth/cloud-platform"]
[debug] [2022-02-11T06:13:16.280Z] > authorizing via signed-in user (wekuly2@gmail.com)
[info] 
     ######## #### ########  ######## ########     ###     ######  ########
     ##        ##  ##     ## ##       ##     ##  ##   ##  ##       ##
     ######    ##  ########  ######   ########  #########  ######  ######
     ##        ##  ##    ##  ##       ##     ## ##     ##       ## ##
     ##       #### ##     ## ######## ########  ##     ##  ######  ########

You're about to initialize a Firebase project in this directory:

  C:\Users\KTH\Desktop\open ptf\react_diary

Before we get started, keep in mind:

  * You are initializing within an existing Firebase project directory

